c:\users\james jezukaitis\source\repos\assignment 2\assignment 2\debug\vc141.pdb
c:\users\james jezukaitis\source\repos\assignment 2\assignment 2\debug\vc141.idb
c:\users\james jezukaitis\source\repos\assignment 2\assignment 2\debug\vehicle.obj
c:\users\james jezukaitis\source\repos\assignment 2\assignment 2\debug\vectormaths.obj
c:\users\james jezukaitis\source\repos\assignment 2\assignment 2\debug\shape.obj
c:\users\james jezukaitis\source\repos\assignment 2\assignment 2\debug\remotedatamanager.obj
c:\users\james jezukaitis\source\repos\assignment 2\assignment 2\debug\quaternion.obj
c:\users\james jezukaitis\source\repos\assignment 2\assignment 2\debug\obstaclemanager.obj
c:\users\james jezukaitis\source\repos\assignment 2\assignment 2\debug\obstacle.obj
c:\users\james jezukaitis\source\repos\assignment 2\assignment 2\debug\messages.obj
c:\users\james jezukaitis\source\repos\assignment 2\assignment 2\debug\main.obj
c:\users\james jezukaitis\source\repos\assignment 2\assignment 2\debug\keymanager.obj
c:\users\james jezukaitis\source\repos\assignment 2\assignment 2\debug\hud.obj
c:\users\james jezukaitis\source\repos\assignment 2\assignment 2\debug\ground.obj
c:\users\james jezukaitis\source\repos\assignment 2\assignment 2\debug\frustum.obj
c:\users\james jezukaitis\source\repos\assignment 2\assignment 2\debug\camera.obj
c:\users\james jezukaitis\source\repos\assignment 2\assignment 2\debug\assignment 2.obj
c:\users\james jezukaitis\source\repos\assignment two\assignment 2\debug\vc141.pdb
c:\users\james jezukaitis\source\repos\assignment two\assignment 2\debug\vc141.idb
c:\users\james jezukaitis\source\repos\assignment two\assignment 2\debug\vehicle.obj
c:\users\james jezukaitis\source\repos\assignment two\assignment 2\debug\vectormaths.obj
c:\users\james jezukaitis\source\repos\assignment two\assignment 2\debug\shape.obj
c:\users\james jezukaitis\source\repos\assignment two\assignment 2\debug\remotedatamanager.obj
c:\users\james jezukaitis\source\repos\assignment two\assignment 2\debug\quaternion.obj
c:\users\james jezukaitis\source\repos\assignment two\assignment 2\debug\obstaclemanager.obj
c:\users\james jezukaitis\source\repos\assignment two\assignment 2\debug\obstacle.obj
c:\users\james jezukaitis\source\repos\assignment two\assignment 2\debug\messages.obj
c:\users\james jezukaitis\source\repos\assignment two\assignment 2\debug\main.obj
c:\users\james jezukaitis\source\repos\assignment two\assignment 2\debug\keymanager.obj
c:\users\james jezukaitis\source\repos\assignment two\assignment 2\debug\hud.obj
c:\users\james jezukaitis\source\repos\assignment two\assignment 2\debug\ground.obj
c:\users\james jezukaitis\source\repos\assignment two\assignment 2\debug\frustum.obj
c:\users\james jezukaitis\source\repos\assignment two\assignment 2\debug\camera.obj
c:\users\james jezukaitis\source\repos\assignment two\assignment 2\debug\assignment 2.exe
c:\users\james jezukaitis\source\repos\assignment two\assignment 2\debug\assignment 2.ilk
c:\users\james jezukaitis\source\repos\assignment two\assignment 2\debug\assignment 2.pdb
c:\users\james jezukaitis\source\repos\assignment two\assignment 2\debug\assignment 2.obj
c:\users\james jezukaitis\source\repos\assignment two\assignment 2\debug\assignment 2.tlog\cl.command.1.tlog
c:\users\james jezukaitis\source\repos\assignment two\assignment 2\debug\assignment 2.tlog\cl.read.1.tlog
c:\users\james jezukaitis\source\repos\assignment two\assignment 2\debug\assignment 2.tlog\cl.write.1.tlog
c:\users\james jezukaitis\source\repos\assignment two\assignment 2\debug\assignment 2.tlog\link.command.1.tlog
c:\users\james jezukaitis\source\repos\assignment two\assignment 2\debug\assignment 2.tlog\link.read.1.tlog
c:\users\james jezukaitis\source\repos\assignment two\assignment 2\debug\assignment 2.tlog\link.write.1.tlog
